#
# A fatal error has been detected by the Java Runtime Environment:
#
#  EXCEPTION_ACCESS_VIOLATION (0xc0000005) at pc=0x000000006ee76520, pid=6968, tid=0x00000000000026b4
#
# JRE version: Java(TM) SE Runtime Environment (8.0_201-b09) (build 1.8.0_201-b09)
# Java VM: Java HotSpot(TM) 64-Bit Server VM (25.201-b09 mixed mode windows-amd64 compressed oops)
# Problematic frame:
# C  [xuggle8012414132222298742.dll+0x736520]
#
# Failed to write core dump. Minidumps are not enabled by default on client versions of Windows
#
# If you would like to submit a bug report, please visit:
#   http://bugreport.java.com/bugreport/crash.jsp
# The crash happened outside the Java Virtual Machine in native code.
# See problematic frame for where to report the bug.
#

---------------  T H R E A D  ---------------

Current thread (0x00000000031b6000):  JavaThread "main" [_thread_in_native, id=9908, stack(0x0000000002eb0000,0x0000000002fb0000)]

siginfo: ExceptionCode=0xc0000005, reading address 0xffffffffffffffff

Registers:
RAX=0x000000001e2eae50, RBX=0x000000001e43cc10, RCX=0x000000001e2eae50, RDX=0x0000000000000009
RSP=0x0000000002fae040, RBP=0x000000001e2ea590, RSI=0x000000001e2ebe50, RDI=0x0000000000000004
R8 =0x000000006ee77580, R9 =0x000000006ee76490, R10=0x000000001e56e830, R11=0x000000001e4ab520
R12=0x000000001e4abd20, R13=0x0000000000000004, R14=0x0000000000000184, R15=0x000000006fab8f20
RIP=0x000000006ee76520, EFLAGS=0x0000000000010202

Top of Stack: (sp=0x0000000002fae040)
0x0000000002fae040:   000000006ee76665 000000006ee774c5
0x0000000002fae050:   000000006ee77505 000000006ee77545
0x0000000002fae060:   000000006ee77585 000000006ee79426
0x0000000002fae070:   000000006fab8f20 000000001e2eae50
0x0000000002fae080:   000000001e43f0d0 00000000032b7bd0
0x0000000002fae090:   3fe0000000000000 0000000000000000
0x0000000002fae0a0:   40c7760000000000 0000000000000000
0x0000000002fae0b0:   3fe0000000000000 0000000000000003
0x0000000002fae0c0:   000000001e4400d0 000000006ea45d24
0x0000000002fae0d0:   3f40624dd2f1a9fc 0000000000000000
0x0000000002fae0e0:   0000000000000000 0000000000000000
0x0000000002fae0f0:   0000000000000000 0000000000000000
0x0000000002fae100:   0000000000000000 000000006fab7320
0x0000000002fae110:   0000000005000005 000000001e43cb70
0x0000000002fae120:   0000000000000003 000000001e2ea590
0x0000000002fae130:   000000001e2ea710 0000000000000000 

Instructions: (pc=0x000000006ee76520)
0x000000006ee76500:   c4 e3 5d 0c c0 55 c5 e4 5c c8 c5 e4 58 c0 c5 fc
0x000000006ee76510:   29 01 c5 fc 29 49 20 c3 0f 1f 84 00 00 00 00 00
0x000000006ee76520:   c5 fc 28 51 40 c5 fc 28 59 60 c5 ec 5c fb c5 ec
0x000000006ee76530:   58 d3 c5 c4 57 3d 26 41 84 00 c5 ec c6 df be c5 


Register to memory mapping:

RAX=0x000000001e2eae50 is an unknown value
RBX=0x000000001e43cc10 is an unknown value
RCX=0x000000001e2eae50 is an unknown value
RDX=0x0000000000000009 is an unknown value
RSP=0x0000000002fae040 is pointing into the stack for thread: 0x00000000031b6000
RBP=0x000000001e2ea590 is an unknown value
RSI=0x000000001e2ebe50 is an unknown value
RDI=0x0000000000000004 is an unknown value
R8 =0x000000006ee77580 is an unknown value
R9 =0x000000006ee76490 is an unknown value
R10=0x000000001e56e830 is an unknown value
R11=0x000000001e4ab520 is an unknown value
R12=0x000000001e4abd20 is an unknown value
R13=0x0000000000000004 is an unknown value
R14=0x0000000000000184 is an unknown value
R15=0x000000006fab8f20 is an unknown value


Stack: [0x0000000002eb0000,0x0000000002fb0000],  sp=0x0000000002fae040,  free space=1016k
Native frames: (J=compiled Java code, j=interpreted, Vv=VM code, C=native code)
C  [xuggle8012414132222298742.dll+0x736520]

Java frames: (J=compiled Java code, j=interpreted, Vv=VM code)
j  com.xuggle.xuggler.XugglerJNI.IContainer_open__SWIG_1(JLcom/xuggle/xuggler/IContainer;Ljava/lang/String;IJLcom/xuggle/xuggler/IContainerFormat;ZZ)I+0
j  com.xuggle.xuggler.IContainer.open(Ljava/lang/String;Lcom/xuggle/xuggler/IContainer$Type;Lcom/xuggle/xuggler/IContainerFormat;ZZ)I+19
j  com.xuggle.mediatool.MediaReader.open()V+20
j  com.xuggle.mediatool.MediaReader.readPacket()Lcom/xuggle/xuggler/IError;+8
j  com.teamteem.util.VideoToAudio.convertVideoToAudio()V+43
j  com.teamteem.util.VideoToAudio.main([Ljava/lang/String;)V+9
v  ~StubRoutines::call_stub

---------------  P R O C E S S  ---------------

Java Threads: ( => current thread )
  0x000000001c6f8800 JavaThread "Service Thread" daemon [_thread_blocked, id=7520, stack(0x000000001cef0000,0x000000001cff0000)]
  0x000000001c00c000 JavaThread "C1 CompilerThread2" daemon [_thread_blocked, id=2460, stack(0x000000001c5f0000,0x000000001c6f0000)]
  0x000000001c009000 JavaThread "C2 CompilerThread1" daemon [_thread_blocked, id=8208, stack(0x000000001c4f0000,0x000000001c5f0000)]
  0x000000001c008000 JavaThread "C2 CompilerThread0" daemon [_thread_blocked, id=10132, stack(0x000000001c3f0000,0x000000001c4f0000)]
  0x000000001a368000 JavaThread "JDWP Command Reader" daemon [_thread_in_native, id=3488, stack(0x000000001bbb0000,0x000000001bcb0000)]
  0x000000001a365000 JavaThread "JDWP Event Helper Thread" daemon [_thread_blocked, id=6276, stack(0x000000001bab0000,0x000000001bbb0000)]
  0x000000001a358000 JavaThread "JDWP Transport Listener: dt_socket" daemon [_thread_blocked, id=10476, stack(0x000000001b9b0000,0x000000001bab0000)]
  0x000000001a34d800 JavaThread "Attach Listener" daemon [_thread_blocked, id=10512, stack(0x000000001b8b0000,0x000000001b9b0000)]
  0x000000001a34c800 JavaThread "Signal Dispatcher" daemon [_thread_blocked, id=10068, stack(0x000000001b7b0000,0x000000001b8b0000)]
  0x00000000032ab800 JavaThread "Finalizer" daemon [_thread_blocked, id=9672, stack(0x000000001b5b0000,0x000000001b6b0000)]
  0x000000001a32a000 JavaThread "Reference Handler" daemon [_thread_blocked, id=11112, stack(0x000000001b4b0000,0x000000001b5b0000)]
=>0x00000000031b6000 JavaThread "main" [_thread_in_native, id=9908, stack(0x0000000002eb0000,0x0000000002fb0000)]

Other Threads:
  0x000000001a308000 VMThread [stack: 0x000000001b3b0000,0x000000001b4b0000] [id=10436]
  0x000000001c771800 WatcherThread [stack: 0x000000001cff0000,0x000000001d0f0000] [id=3168]

VM state:not at safepoint (normal execution)

VM Mutex/Monitor currently owned by a thread: None

heap address: 0x0000000701a00000, size: 3046 MB, Compressed Oops mode: Zero based, Oop shift amount: 3
Narrow klass base: 0x0000000000000000, Narrow klass shift: 3
Compressed class space size: 1073741824 Address: 0x00000007c0000000

Heap:
 PSYoungGen      total 57344K, used 7865K [0x0000000780900000, 0x0000000784900000, 0x00000007c0000000)
  eden space 49152K, 10% used [0x0000000780900000,0x0000000780e462e8,0x0000000783900000)
  from space 8192K, 30% used [0x0000000783900000,0x0000000783b68138,0x0000000784100000)
  to   space 8192K, 0% used [0x0000000784100000,0x0000000784100000,0x0000000784900000)
 ParOldGen       total 131072K, used 8K [0x0000000701a00000, 0x0000000709a00000, 0x0000000780900000)
  object space 131072K, 0% used [0x0000000701a00000,0x0000000701a02000,0x0000000709a00000)
 Metaspace       used 7154K, capacity 7232K, committed 7552K, reserved 1056768K
  class space    used 792K, capacity 816K, committed 896K, reserved 1048576K

Card table byte_map: [0x0000000012670000,0x0000000012c70000] byte_map_base: 0x000000000ee63000

Marking Bits: (ParMarkBitMap*) 0x0000000068744ce0
 Begin Bits: [0x0000000013470000, 0x0000000016408000)
 End Bits:   [0x0000000016408000, 0x00000000193a0000)

Polling page: 0x0000000001040000

CodeCache: size=245760Kb used=2369Kb max_used=2385Kb free=243390Kb
 bounds [0x00000000032b0000, 0x0000000003520000, 0x00000000122b0000]
 total_blobs=784 nmethods=435 adapters=270
 compilation: enabled

Compilation events (10 events):
Event: 2.545 Thread 0x000000001c009000 nmethod 431 0x00000000035017d0 code [0x0000000003501980, 0x00000000035020b0]
Event: 2.547 Thread 0x000000001c00c000  433       3       java.lang.Enum::<init> (15 bytes)
Event: 2.547 Thread 0x000000001c00c000 nmethod 433 0x00000000034f6d90 code [0x00000000034f6ee0, 0x00000000034f70b0]
Event: 2.548 Thread 0x000000001c00c000  434  s    3       java.util.Vector::elementAt (48 bytes)
Event: 2.548 Thread 0x000000001c00c000 nmethod 434 0x00000000034f0410 code [0x00000000034f0620, 0x00000000034f11c8]
Event: 2.548 Thread 0x000000001c00c000  435       3       com.xuggle.xuggler.ICodec$ID::<init> (14 bytes)
Event: 2.548 Thread 0x000000001c00c000 nmethod 435 0x00000000034f6850 code [0x00000000034f69c0, 0x00000000034f6c70]
Event: 2.548 Thread 0x000000001c00c000  436       3       com.xuggle.xuggler.ICodec$ID$SwigNext::access$008 (10 bytes)
Event: 2.548 Thread 0x000000001c00c000 nmethod 436 0x00000000034f6550 code [0x00000000034f66a0, 0x00000000034f67f0]
Event: 2.558 Thread 0x000000001c008000 nmethod 432 0x0000000003505190 code [0x0000000003505440, 0x00000000035066b0]

GC Heap History (2 events):
Event: 0.896 GC heap before
{Heap before GC invocations=1 (full 0):
 PSYoungGen      total 57344K, used 49146K [0x0000000780900000, 0x0000000784900000, 0x00000007c0000000)
  eden space 49152K, 99% used [0x0000000780900000,0x00000007838fe800,0x0000000783900000)
  from space 8192K, 0% used [0x0000000784100000,0x0000000784100000,0x0000000784900000)
  to   space 8192K, 0% used [0x0000000783900000,0x0000000783900000,0x0000000784100000)
 ParOldGen       total 131072K, used 0K [0x0000000701a00000, 0x0000000709a00000, 0x0000000780900000)
  object space 131072K, 0% used [0x0000000701a00000,0x0000000701a00000,0x0000000709a00000)
 Metaspace       used 6785K, capacity 6880K, committed 7040K, reserved 1056768K
  class space    used 758K, capacity 784K, committed 896K, reserved 1048576K
Event: 0.899 GC heap after
Heap after GC invocations=1 (full 0):
 PSYoungGen      total 57344K, used 2464K [0x0000000780900000, 0x0000000784900000, 0x00000007c0000000)
  eden space 49152K, 0% used [0x0000000780900000,0x0000000780900000,0x0000000783900000)
  from space 8192K, 30% used [0x0000000783900000,0x0000000783b68138,0x0000000784100000)
  to   space 8192K, 0% used [0x0000000784100000,0x0000000784100000,0x0000000784900000)
 ParOldGen       total 131072K, used 8K [0x0000000701a00000, 0x0000000709a00000, 0x0000000780900000)
  object space 131072K, 0% used [0x0000000701a00000,0x0000000701a02000,0x0000000709a00000)
 Metaspace       used 6785K, capacity 6880K, committed 7040K, reserved 1056768K
  class space    used 758K, capacity 784K, committed 896K, reserved 1048576K
}

Deoptimization events (1 events):
Event: 0.770 Thread 0x00000000031b6000 Uncommon trap: reason=unstable_if action=reinterpret pc=0x000000000344061c method=sun.misc.MetaIndex.mayContain(Ljava/lang/String;)Z @ 13

Classes redefined (0 events):
No events

Internal exceptions (10 events):
Event: 0.233 Thread 0x00000000031b6000 Exception <a 'java/security/PrivilegedActionException'> (0x0000000780bd34e0) thrown at [C:\re\workspace\8-2-build-windows-amd64-cygwin\jdk8u201\12322\hotspot\src\share\vm\prims\jvm.cpp, line 1502]
Event: 0.233 Thread 0x00000000031b6000 Exception <a 'java/security/PrivilegedActionException'> (0x0000000780bd4660) thrown at [C:\re\workspace\8-2-build-windows-amd64-cygwin\jdk8u201\12322\hotspot\src\share\vm\prims\jvm.cpp, line 1502]
Event: 0.233 Thread 0x00000000031b6000 Exception <a 'java/security/PrivilegedActionException'> (0x0000000780bd4870) thrown at [C:\re\workspace\8-2-build-windows-amd64-cygwin\jdk8u201\12322\hotspot\src\share\vm\prims\jvm.cpp, line 1502]
Event: 0.233 Thread 0x00000000031b6000 Exception <a 'java/security/PrivilegedActionException'> (0x0000000780bd59b0) thrown at [C:\re\workspace\8-2-build-windows-amd64-cygwin\jdk8u201\12322\hotspot\src\share\vm\prims\jvm.cpp, line 1502]
Event: 0.233 Thread 0x00000000031b6000 Exception <a 'java/security/PrivilegedActionException'> (0x0000000780bd5bc0) thrown at [C:\re\workspace\8-2-build-windows-amd64-cygwin\jdk8u201\12322\hotspot\src\share\vm\prims\jvm.cpp, line 1502]
Event: 0.249 Thread 0x00000000031b6000 Exception <a 'java/security/PrivilegedActionException'> (0x0000000780c53790) thrown at [C:\re\workspace\8-2-build-windows-amd64-cygwin\jdk8u201\12322\hotspot\src\share\vm\prims\jvm.cpp, line 1502]
Event: 0.249 Thread 0x00000000031b6000 Exception <a 'java/security/PrivilegedActionException'> (0x0000000780c539a0) thrown at [C:\re\workspace\8-2-build-windows-amd64-cygwin\jdk8u201\12322\hotspot\src\share\vm\prims\jvm.cpp, line 1502]
Event: 0.250 Thread 0x00000000031b6000 Exception <a 'java/security/PrivilegedActionException'> (0x0000000780c578b0) thrown at [C:\re\workspace\8-2-build-windows-amd64-cygwin\jdk8u201\12322\hotspot\src\share\vm\prims\jvm.cpp, line 1502]
Event: 0.250 Thread 0x00000000031b6000 Exception <a 'java/security/PrivilegedActionException'> (0x0000000780c57ac0) thrown at [C:\re\workspace\8-2-build-windows-amd64-cygwin\jdk8u201\12322\hotspot\src\share\vm\prims\jvm.cpp, line 1502]
Event: 0.710 Thread 0x00000000031b6000 Exception <a 'java/io/FileNotFoundException'> (0x000000078131c0a8) thrown at [C:\re\workspace\8-2-build-windows-amd64-cygwin\jdk8u201\12322\hotspot\src\share\vm\prims\jni.cpp, line 709]

Events (10 events):
Event: 2.557 Thread 0x00000000031b6000 DEOPT PACKING pc=0x000000000342195c sp=0x0000000002fabcb0
Event: 2.557 Thread 0x00000000031b6000 DEOPT UNPACKING pc=0x00000000032f7890 sp=0x0000000002fabad0 mode 1
Event: 2.558 loading class com/xuggle/mediatool/event/AStreamMixin
Event: 2.558 loading class com/xuggle/mediatool/event/AStreamMixin done
Event: 2.558 Thread 0x00000000031b6000 DEOPT PACKING pc=0x00000000034edd09 sp=0x0000000002fa95a0
Event: 2.558 Thread 0x00000000031b6000 DEOPT UNPACKING pc=0x00000000032f7890 sp=0x0000000002fa92f0 mode 1
Event: 2.558 Thread 0x00000000031b6000 DEOPT PACKING pc=0x0000000003421bc4 sp=0x0000000002fa9620
Event: 2.558 Thread 0x00000000031b6000 DEOPT UNPACKING pc=0x00000000032f7890 sp=0x0000000002fa9440 mode 1
Event: 2.558 Thread 0x00000000031b6000 DEOPT PACKING pc=0x000000000342195c sp=0x0000000002fa97b0
Event: 2.558 Thread 0x00000000031b6000 DEOPT UNPACKING pc=0x00000000032f7890 sp=0x0000000002fa95d0 mode 1


Dynamic libraries:
0x00007ff6a78e0000 - 0x00007ff6a7917000 	C:\Program Files\Java\jdk1.8.0_201\bin\java.exe
0x00007ffb6dc10000 - 0x00007ffb6ddfd000 	C:\WINDOWS\SYSTEM32\ntdll.dll
0x00007ffb6da70000 - 0x00007ffb6db23000 	C:\WINDOWS\System32\KERNEL32.DLL
0x00007ffb69d90000 - 0x00007ffb6a023000 	C:\WINDOWS\System32\KERNELBASE.dll
0x00007ffb6db30000 - 0x00007ffb6dbd3000 	C:\WINDOWS\System32\ADVAPI32.dll
0x00007ffb6b7a0000 - 0x00007ffb6b83e000 	C:\WINDOWS\System32\msvcrt.dll
0x00007ffb6d990000 - 0x00007ffb6da2e000 	C:\WINDOWS\System32\sechost.dll
0x00007ffb6d730000 - 0x00007ffb6d852000 	C:\WINDOWS\System32\RPCRT4.dll
0x00007ffb6d260000 - 0x00007ffb6d3f7000 	C:\WINDOWS\System32\USER32.dll
0x00007ffb6a9d0000 - 0x00007ffb6a9f0000 	C:\WINDOWS\System32\win32u.dll
0x00007ffb6da40000 - 0x00007ffb6da69000 	C:\WINDOWS\System32\GDI32.dll
0x00007ffb6abf0000 - 0x00007ffb6ad8a000 	C:\WINDOWS\System32\gdi32full.dll
0x00007ffb6aaf0000 - 0x00007ffb6ab90000 	C:\WINDOWS\System32\msvcp_win.dll
0x00007ffb6a9f0000 - 0x00007ffb6aaea000 	C:\WINDOWS\System32\ucrtbase.dll
0x00007ffb5a9a0000 - 0x00007ffb5ac19000 	C:\WINDOWS\WinSxS\amd64_microsoft.windows.common-controls_6595b64144ccf1df_6.0.17763.379_none_05b83be8071c94a1\COMCTL32.dll
0x00007ffb6cd40000 - 0x00007ffb6d06d000 	C:\WINDOWS\System32\combase.dll
0x00007ffb6ad90000 - 0x00007ffb6ae0e000 	C:\WINDOWS\System32\bcryptPrimitives.dll
0x00007ffb6d5a0000 - 0x00007ffb6d5ce000 	C:\WINDOWS\System32\IMM32.DLL
0x0000000068ea0000 - 0x0000000068f71000 	C:\Program Files\Java\jdk1.8.0_201\jre\bin\msvcr100.dll
0x0000000067f20000 - 0x00000000687c4000 	C:\Program Files\Java\jdk1.8.0_201\jre\bin\server\jvm.dll
0x00007ffb6da30000 - 0x00007ffb6da38000 	C:\WINDOWS\System32\PSAPI.DLL
0x00007ffb66850000 - 0x00007ffb66859000 	C:\WINDOWS\SYSTEM32\WSOCK32.dll
0x00007ffb6d400000 - 0x00007ffb6d46d000 	C:\WINDOWS\System32\WS2_32.dll
0x00007ffb67cd0000 - 0x00007ffb67cf4000 	C:\WINDOWS\SYSTEM32\WINMM.dll
0x00007ffb60ba0000 - 0x00007ffb60baa000 	C:\WINDOWS\SYSTEM32\VERSION.dll
0x00007ffb67ca0000 - 0x00007ffb67ccd000 	C:\WINDOWS\SYSTEM32\WINMMBASE.dll
0x00007ffb6a980000 - 0x00007ffb6a9ca000 	C:\WINDOWS\System32\cfgmgr32.dll
0x00007ffb667a0000 - 0x00007ffb667af000 	C:\Program Files\Java\jdk1.8.0_201\jre\bin\verify.dll
0x00007ffb61ad0000 - 0x00007ffb61af9000 	C:\Program Files\Java\jdk1.8.0_201\jre\bin\java.dll
0x00007ffb61c10000 - 0x00007ffb61c45000 	C:\Program Files\Java\jdk1.8.0_201\jre\bin\jdwp.dll
0x00007ffb626b0000 - 0x00007ffb626b8000 	C:\Program Files\Java\jdk1.8.0_201\jre\bin\npt.dll
0x00007ffb5ecc0000 - 0x00007ffb5ece3000 	C:\Program Files\Java\jdk1.8.0_201\jre\bin\instrument.dll
0x00007ffb61ab0000 - 0x00007ffb61ac6000 	C:\Program Files\Java\jdk1.8.0_201\jre\bin\zip.dll
0x00007ffb6b850000 - 0x00007ffb6cd40000 	C:\WINDOWS\System32\SHELL32.dll
0x00007ffb6af80000 - 0x00007ffb6b028000 	C:\WINDOWS\System32\shcore.dll
0x00007ffb6a230000 - 0x00007ffb6a97a000 	C:\WINDOWS\System32\windows.storage.dll
0x00007ffb69c10000 - 0x00007ffb69c34000 	C:\WINDOWS\System32\profapi.dll
0x00007ffb69c40000 - 0x00007ffb69c9d000 	C:\WINDOWS\System32\powrprof.dll
0x00007ffb6b030000 - 0x00007ffb6b082000 	C:\WINDOWS\System32\shlwapi.dll
0x00007ffb69ca0000 - 0x00007ffb69cb1000 	C:\WINDOWS\System32\kernel.appcore.dll
0x00007ffb6a210000 - 0x00007ffb6a227000 	C:\WINDOWS\System32\cryptsp.dll
0x00007ffb625f0000 - 0x00007ffb625f9000 	C:\Program Files\Java\jdk1.8.0_201\jre\bin\dt_socket.dll
0x00007ffb69490000 - 0x00007ffb694f7000 	C:\WINDOWS\system32\mswsock.dll
0x00007ffb69050000 - 0x00007ffb69083000 	C:\WINDOWS\system32\rsaenh.dll
0x00007ffb6ae10000 - 0x00007ffb6ae36000 	C:\WINDOWS\System32\bcrypt.dll
0x00007ffb69b40000 - 0x00007ffb69b68000 	C:\WINDOWS\SYSTEM32\USERENV.dll
0x00007ffb69660000 - 0x00007ffb6966c000 	C:\WINDOWS\SYSTEM32\CRYPTBASE.dll
0x00007ffb59550000 - 0x00007ffb5956a000 	C:\Program Files\Java\jdk1.8.0_201\jre\bin\net.dll
0x00007ffb5cb50000 - 0x00007ffb5cd26000 	C:\WINDOWS\SYSTEM32\urlmon.dll
0x00007ffb5c270000 - 0x00007ffb5c518000 	C:\WINDOWS\SYSTEM32\iertutil.dll
0x00007ffb691f0000 - 0x00007ffb6922d000 	C:\WINDOWS\SYSTEM32\IPHLPAPI.DLL
0x00007ffb6af70000 - 0x00007ffb6af78000 	C:\WINDOWS\System32\NSI.dll
0x00007ffb621a0000 - 0x00007ffb621b6000 	C:\WINDOWS\SYSTEM32\dhcpcsvc6.DLL
0x00007ffb62180000 - 0x00007ffb6219c000 	C:\WINDOWS\SYSTEM32\dhcpcsvc.DLL
0x00007ffb69230000 - 0x00007ffb692f6000 	C:\WINDOWS\SYSTEM32\DNSAPI.dll
0x00007ffb59530000 - 0x00007ffb59541000 	C:\Program Files\Java\jdk1.8.0_201\jre\bin\nio.dll
0x000000006e740000 - 0x000000006fda5000 	C:\Users\Administrator\AppData\Local\Temp\xuggle\xuggle8012414132222298742.dll
0x00007ffb6d5d0000 - 0x00007ffb6d725000 	C:\WINDOWS\System32\ole32.dll
0x00007ffb61b80000 - 0x00007ffb61b98000 	C:\WINDOWS\SYSTEM32\AVICAP32.dll
0x00007ffb5ec90000 - 0x00007ffb5ecb9000 	C:\WINDOWS\SYSTEM32\MSVFW32.dll
0x00007ffb5e200000 - 0x00007ffb5e3ed000 	C:\WINDOWS\SYSTEM32\dbghelp.dll

VM Arguments:
jvm_args: -agentlib:jdwp=transport=dt_socket,address=127.0.0.1:53403,suspend=y,server=n -javaagent:C:\Users\Administrator\.IntelliJIdea2018.3\system\captureAgent\debugger-agent.jar -Dfile.encoding=UTF-8 
java_command: com.teamteem.util.VideoToAudio
java_class_path (initial): C:\Program Files\Java\jdk1.8.0_201\jre\lib\charsets.jar;C:\Program Files\Java\jdk1.8.0_201\jre\lib\deploy.jar;C:\Program Files\Java\jdk1.8.0_201\jre\lib\ext\access-bridge-64.jar;C:\Program Files\Java\jdk1.8.0_201\jre\lib\ext\cldrdata.jar;C:\Program Files\Java\jdk1.8.0_201\jre\lib\ext\dnsns.jar;C:\Program Files\Java\jdk1.8.0_201\jre\lib\ext\jaccess.jar;C:\Program Files\Java\jdk1.8.0_201\jre\lib\ext\jfxrt.jar;C:\Program Files\Java\jdk1.8.0_201\jre\lib\ext\localedata.jar;C:\Program Files\Java\jdk1.8.0_201\jre\lib\ext\nashorn.jar;C:\Program Files\Java\jdk1.8.0_201\jre\lib\ext\sunec.jar;C:\Program Files\Java\jdk1.8.0_201\jre\lib\ext\sunjce_provider.jar;C:\Program Files\Java\jdk1.8.0_201\jre\lib\ext\sunmscapi.jar;C:\Program Files\Java\jdk1.8.0_201\jre\lib\ext\sunpkcs11.jar;C:\Program Files\Java\jdk1.8.0_201\jre\lib\ext\zipfs.jar;C:\Program Files\Java\jdk1.8.0_201\jre\lib\javaws.jar;C:\Program Files\Java\jdk1.8.0_201\jre\lib\jce.jar;C:\Program Files\Java\jdk1.8.0_201\jre\lib\jfr.jar;C:\Program Files\Java\jdk1.8.0_201\jre\lib\jfxswt.jar;C:\Program Files\Java\jdk1.8.0_201\jre\lib\jsse.jar;C:\Program Files\Java\jdk1.8.0_201\jre\lib\management-agent.jar;C:\Program Files\Java\jdk1.8.0_201\jre\lib\plugin.jar;C:\Program Files\Java\jdk1.8.0_201\jre\lib\resources.jar;C:\Program Files\Java\jdk1.8.0_201\jre\lib\rt.jar;C:\Users\Administrator\Desktop\2019-team-07f\server\target\classes;C:\Users\Administrator\.m2\repository\org\slf4j\slf4j-api\1.7.5\slf4j-api-1.7.5.jar;C:\Users\Administrator\.m2\repository\ch\qos\logback\logback-classic\1.0.13\logback-classic-1.0.13.jar;C:\Users\Administrator\.m2\repository\ch\qos\logback\logback-core\1.0.13\logback-core-1.0.13.jar;C:\Users\Administrator\.m2\repository\org\springframework\spring-core\5.0.2.RELEASE\spring-core-5.0.2.RELEASE.jar;C:\Users\Administrator\.m2\repository\org\springframework\spring-jcl\5.0.2.RELEASE\spring-jcl-5.0.2.RELEASE.jar;C:\Users\Administrator\.m2\repository\org\springframework\spring-tx\5.0.
Launcher Type: SUN_STANDARD

Environment Variables:
JAVA_HOME=C:\Program Files\Java\jdk1.8.0_201
CLASSPATH=.;
PATH=C:\tools\ruby26\bin;C:\WINDOWS\system32;C:\WINDOWS;C:\WINDOWS\System32\Wbem;C:\WINDOWS\System32\WindowsPowerShell\v1.0\;C:\WINDOWS\System32\OpenSSH\;C:\ProgramData\chocolatey\bin;C:\Program Files\Git\cmd;C:\Program Files\Microsoft VS Code\bin;C:\HashiCorp\Vagrant\bin;C:\Program Files\PowerShell\6\;C:\Program Files\nodejs\;C:\Program Files\Java\jdk1.8.0_201\bin;C:\Program Files\apache-maven-3.6.0-bin\apache-maven-3.6.0\bin;C:\Users\Administrator\AppData\Local\Microsoft\WindowsApps;C:\Program Files\Oracle\VirtualBox;C:\Users\Administrator\AppData\Roaming\npm;C:\tools\mysql\current\bin;
USERNAME=Administrator
OS=Windows_NT
PROCESSOR_IDENTIFIER=Intel64 Family 6 Model 42 Stepping 7, GenuineIntel



---------------  S Y S T E M  ---------------

OS: Windows 10.0 , 64 bit Build 17763 (10.0.17763.379)

CPU:total 4 (initial active 4) (4 cores per cpu, 1 threads per core) family 6 model 42 stepping 7, cmov, cx8, fxsr, mmx, sse, sse2, sse3, ssse3, sse4.1, sse4.2, popcnt, avx, aes, clmul, tsc, tscinvbit

Memory: 4k page, physical 12468248k(5922616k free), swap 18759704k(9582508k free)

vm_info: Java HotSpot(TM) 64-Bit Server VM (25.201-b09) for windows-amd64 JRE (1.8.0_201-b09), built on Dec 15 2018 18:36:39 by "java_re" with MS VC++ 10.0 (VS2010)

time: Wed Mar 27 01:16:12 2019
timezone: Central Daylight Time
elapsed time: 2 seconds (0d 0h 0m 2s)

