#
# A fatal error has been detected by the Java Runtime Environment:
#
#  EXCEPTION_ACCESS_VIOLATION (0xc0000005) at pc=0x000000006ee76520, pid=6052, tid=0x00000000000027a8
#
# JRE version: Java(TM) SE Runtime Environment (8.0_201-b09) (build 1.8.0_201-b09)
# Java VM: Java HotSpot(TM) 64-Bit Server VM (25.201-b09 mixed mode windows-amd64 compressed oops)
# Problematic frame:
# C  [xuggle1034264723674045670.dll+0x736520]
#
# Failed to write core dump. Minidumps are not enabled by default on client versions of Windows
#
# If you would like to submit a bug report, please visit:
#   http://bugreport.java.com/bugreport/crash.jsp
# The crash happened outside the Java Virtual Machine in native code.
# See problematic frame for where to report the bug.
#

---------------  T H R E A D  ---------------

Current thread (0x00000000032a5000):  JavaThread "main" [_thread_in_native, id=10152, stack(0x0000000002fc0000,0x00000000030c0000)]

siginfo: ExceptionCode=0xc0000005, reading address 0xffffffffffffffff

Registers:
RAX=0x000000001d1fae50, RBX=0x000000001d34cc10, RCX=0x000000001d1fae50, RDX=0x0000000000000009
RSP=0x00000000030be0f0, RBP=0x000000001d1fa590, RSI=0x000000001d1fbe50, RDI=0x0000000000000004
R8 =0x000000006ee77580, R9 =0x000000006ee76490, R10=0x000000001d47e830, R11=0x000000001d3bb520
R12=0x000000001d3bbd20, R13=0x0000000000000004, R14=0x0000000000000184, R15=0x000000006fab8f20
RIP=0x000000006ee76520, EFLAGS=0x0000000000010202

Top of Stack: (sp=0x00000000030be0f0)
0x00000000030be0f0:   000000006ee76665 000000006ee774c5
0x00000000030be100:   000000006ee77505 000000006ee77545
0x00000000030be110:   000000006ee77585 000000006ee79426
0x00000000030be120:   000000006fab8f20 000000001d1fae50
0x00000000030be130:   000000001d34f0d0 00000000033a7b30
0x00000000030be140:   3fe0000000000000 0000000000000000
0x00000000030be150:   40c7760000000000 0000000000000000
0x00000000030be160:   3fe0000000000000 0000000000000003
0x00000000030be170:   000000001d3500d0 000000006ea45d24
0x00000000030be180:   3f40624dd2f1a9fc 0000000000000000
0x00000000030be190:   0000000000000000 0000000000000000
0x00000000030be1a0:   0000000000000000 0000000000000000
0x00000000030be1b0:   0000000000000000 000000006fab7320
0x00000000030be1c0:   0000000005000005 000000001d34cb70
0x00000000030be1d0:   0000000000000003 000000001d1fa590
0x00000000030be1e0:   000000001d1fa710 0000000000000000 

Instructions: (pc=0x000000006ee76520)
0x000000006ee76500:   c4 e3 5d 0c c0 55 c5 e4 5c c8 c5 e4 58 c0 c5 fc
0x000000006ee76510:   29 01 c5 fc 29 49 20 c3 0f 1f 84 00 00 00 00 00
0x000000006ee76520:   c5 fc 28 51 40 c5 fc 28 59 60 c5 ec 5c fb c5 ec
0x000000006ee76530:   58 d3 c5 c4 57 3d 26 41 84 00 c5 ec c6 df be c5 


Register to memory mapping:

RAX=0x000000001d1fae50 is an unknown value
RBX=0x000000001d34cc10 is an unknown value
RCX=0x000000001d1fae50 is an unknown value
RDX=0x0000000000000009 is an unknown value
RSP=0x00000000030be0f0 is pointing into the stack for thread: 0x00000000032a5000
RBP=0x000000001d1fa590 is an unknown value
RSI=0x000000001d1fbe50 is an unknown value
RDI=0x0000000000000004 is an unknown value
R8 =0x000000006ee77580 is an unknown value
R9 =0x000000006ee76490 is an unknown value
R10=0x000000001d47e830 is an unknown value
R11=0x000000001d3bb520 is an unknown value
R12=0x000000001d3bbd20 is an unknown value
R13=0x0000000000000004 is an unknown value
R14=0x0000000000000184 is an unknown value
R15=0x000000006fab8f20 is an unknown value


Stack: [0x0000000002fc0000,0x00000000030c0000],  sp=0x00000000030be0f0,  free space=1016k
Native frames: (J=compiled Java code, j=interpreted, Vv=VM code, C=native code)
C  [xuggle1034264723674045670.dll+0x736520]

Java frames: (J=compiled Java code, j=interpreted, Vv=VM code)
j  com.xuggle.xuggler.XugglerJNI.IContainer_open__SWIG_1(JLcom/xuggle/xuggler/IContainer;Ljava/lang/String;IJLcom/xuggle/xuggler/IContainerFormat;ZZ)I+0
j  com.xuggle.xuggler.IContainer.open(Ljava/lang/String;Lcom/xuggle/xuggler/IContainer$Type;Lcom/xuggle/xuggler/IContainerFormat;ZZ)I+19
j  com.xuggle.mediatool.MediaReader.open()V+20
j  com.xuggle.mediatool.MediaReader.readPacket()Lcom/xuggle/xuggler/IError;+8
j  com.teamteem.util.VideoToAudio.convertVideoToAudio()V+43
j  com.teamteem.util.VideoToAudio.main([Ljava/lang/String;)V+9
v  ~StubRoutines::call_stub

---------------  P R O C E S S  ---------------

Java Threads: ( => current thread )
  0x000000001bd95800 JavaThread "Service Thread" daemon [_thread_blocked, id=9880, stack(0x000000001c290000,0x000000001c390000)]
  0x000000001bced800 JavaThread "C1 CompilerThread2" daemon [_thread_blocked, id=7164, stack(0x000000001c190000,0x000000001c290000)]
  0x000000001bcdc000 JavaThread "C2 CompilerThread1" daemon [_thread_blocked, id=10076, stack(0x000000001c090000,0x000000001c190000)]
  0x000000001bcdb000 JavaThread "C2 CompilerThread0" daemon [_thread_blocked, id=9328, stack(0x000000001bf90000,0x000000001c090000)]
  0x000000001bd3b800 JavaThread "Monitor Ctrl-Break" daemon [_thread_in_native, id=608, stack(0x000000001be90000,0x000000001bf90000)]
  0x000000001a43c000 JavaThread "Attach Listener" daemon [_thread_blocked, id=4388, stack(0x000000001b990000,0x000000001ba90000)]
  0x000000001a43b000 JavaThread "Signal Dispatcher" daemon [_thread_blocked, id=3824, stack(0x000000001b890000,0x000000001b990000)]
  0x000000001a41f800 JavaThread "Finalizer" daemon [_thread_blocked, id=612, stack(0x000000001b690000,0x000000001b790000)]
  0x0000000003396000 JavaThread "Reference Handler" daemon [_thread_blocked, id=9716, stack(0x000000001b590000,0x000000001b690000)]
=>0x00000000032a5000 JavaThread "main" [_thread_in_native, id=10152, stack(0x0000000002fc0000,0x00000000030c0000)]

Other Threads:
  0x000000001a3f8000 VMThread [stack: 0x000000001b490000,0x000000001b590000] [id=10344]
  0x000000001be3b800 WatcherThread [stack: 0x000000001c390000,0x000000001c490000] [id=9952]

VM state:not at safepoint (normal execution)

VM Mutex/Monitor currently owned by a thread: None

heap address: 0x0000000701a00000, size: 3046 MB, Compressed Oops mode: Zero based, Oop shift amount: 3
Narrow klass base: 0x0000000000000000, Narrow klass shift: 3
Compressed class space size: 1073741824 Address: 0x00000007c0000000

Heap:
 PSYoungGen      total 57344K, used 4152K [0x0000000780900000, 0x0000000784900000, 0x00000007c0000000)
  eden space 49152K, 2% used [0x0000000780900000,0x0000000780a6a0a8,0x0000000783900000)
  from space 8192K, 33% used [0x0000000783900000,0x0000000783ba4140,0x0000000784100000)
  to   space 8192K, 0% used [0x0000000784100000,0x0000000784100000,0x0000000784900000)
 ParOldGen       total 131072K, used 8K [0x0000000701a00000, 0x0000000709a00000, 0x0000000780900000)
  object space 131072K, 0% used [0x0000000701a00000,0x0000000701a02000,0x0000000709a00000)
 Metaspace       used 7254K, capacity 7344K, committed 7552K, reserved 1056768K
  class space    used 808K, capacity 848K, committed 896K, reserved 1048576K

Card table byte_map: [0x0000000012760000,0x0000000012d60000] byte_map_base: 0x000000000ef53000

Marking Bits: (ParMarkBitMap*) 0x0000000068744ce0
 Begin Bits: [0x0000000013560000, 0x00000000164f8000)
 End Bits:   [0x00000000164f8000, 0x0000000019490000)

Polling page: 0x0000000001320000

CodeCache: size=245760Kb used=2403Kb max_used=2403Kb free=243356Kb
 bounds [0x00000000033a0000, 0x0000000003610000, 0x00000000123a0000]
 total_blobs=825 nmethods=468 adapters=270
 compilation: enabled

Compilation events (10 events):
Event: 2.201 Thread 0x000000001bced800  464       3       java.lang.Enum::<init> (15 bytes)
Event: 2.201 Thread 0x000000001bced800 nmethod 464 0x00000000035f8bd0 code [0x00000000035f8d20, 0x00000000035f8ef0]
Event: 2.202 Thread 0x000000001bced800  465       3       com.xuggle.xuggler.ICodec$ID::<init> (14 bytes)
Event: 2.202 Thread 0x000000001bced800 nmethod 465 0x00000000035f8f90 code [0x00000000035f9100, 0x00000000035f93b0]
Event: 2.202 Thread 0x000000001bced800  466       3       com.xuggle.xuggler.ICodec$ID$SwigNext::access$008 (10 bytes)
Event: 2.202 Thread 0x000000001bced800 nmethod 466 0x00000000035f94d0 code [0x00000000035f9620, 0x00000000035f9770]
Event: 2.203 Thread 0x000000001bced800  467       3       java.util.HashMap::afterNodeAccess (1 bytes)
Event: 2.203 Thread 0x000000001bced800 nmethod 467 0x00000000035f97d0 code [0x00000000035f9920, 0x00000000035f9a70]
Event: 2.208 Thread 0x000000001bced800  468       3       java.util.jar.JarFile::getManifest (5 bytes)
Event: 2.208 Thread 0x000000001bced800 nmethod 468 0x00000000035f9ad0 code [0x00000000035f9c40, 0x00000000035f9dc8]

GC Heap History (2 events):
Event: 2.190 GC heap before
{Heap before GC invocations=1 (full 0):
 PSYoungGen      total 57344K, used 49152K [0x0000000780900000, 0x0000000784900000, 0x00000007c0000000)
  eden space 49152K, 100% used [0x0000000780900000,0x0000000783900000,0x0000000783900000)
  from space 8192K, 0% used [0x0000000784100000,0x0000000784100000,0x0000000784900000)
  to   space 8192K, 0% used [0x0000000783900000,0x0000000783900000,0x0000000784100000)
 ParOldGen       total 131072K, used 0K [0x0000000701a00000, 0x0000000709a00000, 0x0000000780900000)
  object space 131072K, 0% used [0x0000000701a00000,0x0000000701a00000,0x0000000709a00000)
 Metaspace       used 7091K, capacity 7184K, committed 7296K, reserved 1056768K
  class space    used 796K, capacity 816K, committed 896K, reserved 1048576K
Event: 2.194 GC heap after
Heap after GC invocations=1 (full 0):
 PSYoungGen      total 57344K, used 2704K [0x0000000780900000, 0x0000000784900000, 0x00000007c0000000)
  eden space 49152K, 0% used [0x0000000780900000,0x0000000780900000,0x0000000783900000)
  from space 8192K, 33% used [0x0000000783900000,0x0000000783ba4140,0x0000000784100000)
  to   space 8192K, 0% used [0x0000000784100000,0x0000000784100000,0x0000000784900000)
 ParOldGen       total 131072K, used 8K [0x0000000701a00000, 0x0000000709a00000, 0x0000000780900000)
  object space 131072K, 0% used [0x0000000701a00000,0x0000000701a02000,0x0000000709a00000)
 Metaspace       used 7091K, capacity 7184K, committed 7296K, reserved 1056768K
  class space    used 796K, capacity 816K, committed 896K, reserved 1048576K
}

Deoptimization events (2 events):
Event: 0.434 Thread 0x00000000032a5000 Uncommon trap: reason=unstable_if action=reinterpret pc=0x0000000003520270 method=java.lang.String.indexOf([CII[CIII)I @ 3
Event: 0.729 Thread 0x00000000032a5000 Uncommon trap: reason=unstable_if action=reinterpret pc=0x00000000034d7018 method=sun.nio.cs.UTF_8$Encoder.encode([CII[B)I @ 33

Classes redefined (0 events):
No events

Internal exceptions (10 events):
Event: 0.167 Thread 0x00000000032a5000 Exception <a 'java/security/PrivilegedActionException'> (0x0000000780ac6448) thrown at [C:\re\workspace\8-2-build-windows-amd64-cygwin\jdk8u201\12322\hotspot\src\share\vm\prims\jvm.cpp, line 1502]
Event: 0.168 Thread 0x00000000032a5000 Exception <a 'java/security/PrivilegedActionException'> (0x0000000780ac75c8) thrown at [C:\re\workspace\8-2-build-windows-amd64-cygwin\jdk8u201\12322\hotspot\src\share\vm\prims\jvm.cpp, line 1502]
Event: 0.168 Thread 0x00000000032a5000 Exception <a 'java/security/PrivilegedActionException'> (0x0000000780ac77d8) thrown at [C:\re\workspace\8-2-build-windows-amd64-cygwin\jdk8u201\12322\hotspot\src\share\vm\prims\jvm.cpp, line 1502]
Event: 0.168 Thread 0x00000000032a5000 Exception <a 'java/security/PrivilegedActionException'> (0x0000000780ac8918) thrown at [C:\re\workspace\8-2-build-windows-amd64-cygwin\jdk8u201\12322\hotspot\src\share\vm\prims\jvm.cpp, line 1502]
Event: 0.168 Thread 0x00000000032a5000 Exception <a 'java/security/PrivilegedActionException'> (0x0000000780ac8b28) thrown at [C:\re\workspace\8-2-build-windows-amd64-cygwin\jdk8u201\12322\hotspot\src\share\vm\prims\jvm.cpp, line 1502]
Event: 0.251 Thread 0x00000000032a5000 Exception <a 'java/security/PrivilegedActionException'> (0x0000000780ee1f60) thrown at [C:\re\workspace\8-2-build-windows-amd64-cygwin\jdk8u201\12322\hotspot\src\share\vm\prims\jvm.cpp, line 1502]
Event: 0.251 Thread 0x00000000032a5000 Exception <a 'java/security/PrivilegedActionException'> (0x0000000780ee2170) thrown at [C:\re\workspace\8-2-build-windows-amd64-cygwin\jdk8u201\12322\hotspot\src\share\vm\prims\jvm.cpp, line 1502]
Event: 0.251 Thread 0x00000000032a5000 Exception <a 'java/security/PrivilegedActionException'> (0x0000000780ee6268) thrown at [C:\re\workspace\8-2-build-windows-amd64-cygwin\jdk8u201\12322\hotspot\src\share\vm\prims\jvm.cpp, line 1502]
Event: 0.251 Thread 0x00000000032a5000 Exception <a 'java/security/PrivilegedActionException'> (0x0000000780ee6478) thrown at [C:\re\workspace\8-2-build-windows-amd64-cygwin\jdk8u201\12322\hotspot\src\share\vm\prims\jvm.cpp, line 1502]
Event: 0.304 Thread 0x00000000032a5000 Exception <a 'java/io/FileNotFoundException'> (0x00000007810ced50) thrown at [C:\re\workspace\8-2-build-windows-amd64-cygwin\jdk8u201\12322\hotspot\src\share\vm\prims\jni.cpp, line 709]

Events (10 events):
Event: 2.216 loading class com/xuggle/xuggler/ICodec$Type
Event: 2.216 loading class com/xuggle/xuggler/ICodec$Type done
Event: 2.217 loading class com/xuggle/xuggler/ICodec$Type$SwigNext
Event: 2.217 loading class com/xuggle/xuggler/ICodec$Type$SwigNext done
Event: 2.218 loading class com/xuggle/mediatool/event/AddStreamEvent
Event: 2.218 loading class com/xuggle/mediatool/event/AddStreamEvent done
Event: 2.218 loading class com/xuggle/mediatool/event/AStreamCoderMixin
Event: 2.218 loading class com/xuggle/mediatool/event/AStreamCoderMixin done
Event: 2.218 loading class com/xuggle/mediatool/event/AStreamMixin
Event: 2.218 loading class com/xuggle/mediatool/event/AStreamMixin done


Dynamic libraries:
0x00007ff6a78e0000 - 0x00007ff6a7917000 	C:\Program Files\Java\jdk1.8.0_201\bin\java.exe
0x00007ffb6dc10000 - 0x00007ffb6ddfd000 	C:\WINDOWS\SYSTEM32\ntdll.dll
0x00007ffb6da70000 - 0x00007ffb6db23000 	C:\WINDOWS\System32\KERNEL32.DLL
0x00007ffb69d90000 - 0x00007ffb6a023000 	C:\WINDOWS\System32\KERNELBASE.dll
0x00007ffb6db30000 - 0x00007ffb6dbd3000 	C:\WINDOWS\System32\ADVAPI32.dll
0x00007ffb6b7a0000 - 0x00007ffb6b83e000 	C:\WINDOWS\System32\msvcrt.dll
0x00007ffb6d990000 - 0x00007ffb6da2e000 	C:\WINDOWS\System32\sechost.dll
0x00007ffb6d730000 - 0x00007ffb6d852000 	C:\WINDOWS\System32\RPCRT4.dll
0x00007ffb6d260000 - 0x00007ffb6d3f7000 	C:\WINDOWS\System32\USER32.dll
0x00007ffb6a9d0000 - 0x00007ffb6a9f0000 	C:\WINDOWS\System32\win32u.dll
0x00007ffb6da40000 - 0x00007ffb6da69000 	C:\WINDOWS\System32\GDI32.dll
0x00007ffb6abf0000 - 0x00007ffb6ad8a000 	C:\WINDOWS\System32\gdi32full.dll
0x00007ffb6aaf0000 - 0x00007ffb6ab90000 	C:\WINDOWS\System32\msvcp_win.dll
0x00007ffb6a9f0000 - 0x00007ffb6aaea000 	C:\WINDOWS\System32\ucrtbase.dll
0x00007ffb5a9a0000 - 0x00007ffb5ac19000 	C:\WINDOWS\WinSxS\amd64_microsoft.windows.common-controls_6595b64144ccf1df_6.0.17763.379_none_05b83be8071c94a1\COMCTL32.dll
0x00007ffb6cd40000 - 0x00007ffb6d06d000 	C:\WINDOWS\System32\combase.dll
0x00007ffb6ad90000 - 0x00007ffb6ae0e000 	C:\WINDOWS\System32\bcryptPrimitives.dll
0x00007ffb6d5a0000 - 0x00007ffb6d5ce000 	C:\WINDOWS\System32\IMM32.DLL
0x0000000068ea0000 - 0x0000000068f71000 	C:\Program Files\Java\jdk1.8.0_201\jre\bin\msvcr100.dll
0x0000000067f20000 - 0x00000000687c4000 	C:\Program Files\Java\jdk1.8.0_201\jre\bin\server\jvm.dll
0x00007ffb6da30000 - 0x00007ffb6da38000 	C:\WINDOWS\System32\PSAPI.DLL
0x00007ffb66850000 - 0x00007ffb66859000 	C:\WINDOWS\SYSTEM32\WSOCK32.dll
0x00007ffb60ba0000 - 0x00007ffb60baa000 	C:\WINDOWS\SYSTEM32\VERSION.dll
0x00007ffb67cd0000 - 0x00007ffb67cf4000 	C:\WINDOWS\SYSTEM32\WINMM.dll
0x00007ffb6d400000 - 0x00007ffb6d46d000 	C:\WINDOWS\System32\WS2_32.dll
0x00007ffb67ca0000 - 0x00007ffb67ccd000 	C:\WINDOWS\SYSTEM32\winmmbase.dll
0x00007ffb6a980000 - 0x00007ffb6a9ca000 	C:\WINDOWS\System32\cfgmgr32.dll
0x00007ffb667a0000 - 0x00007ffb667af000 	C:\Program Files\Java\jdk1.8.0_201\jre\bin\verify.dll
0x00007ffb61ad0000 - 0x00007ffb61af9000 	C:\Program Files\Java\jdk1.8.0_201\jre\bin\java.dll
0x00007ffb5d080000 - 0x00007ffb5d0a3000 	C:\Program Files\Java\jdk1.8.0_201\jre\bin\instrument.dll
0x00007ffb61ab0000 - 0x00007ffb61ac6000 	C:\Program Files\Java\jdk1.8.0_201\jre\bin\zip.dll
0x00007ffb6b850000 - 0x00007ffb6cd40000 	C:\WINDOWS\System32\SHELL32.dll
0x00007ffb6af80000 - 0x00007ffb6b028000 	C:\WINDOWS\System32\shcore.dll
0x00007ffb6a230000 - 0x00007ffb6a97a000 	C:\WINDOWS\System32\windows.storage.dll
0x00007ffb69c10000 - 0x00007ffb69c34000 	C:\WINDOWS\System32\profapi.dll
0x00007ffb69c40000 - 0x00007ffb69c9d000 	C:\WINDOWS\System32\powrprof.dll
0x00007ffb6b030000 - 0x00007ffb6b082000 	C:\WINDOWS\System32\shlwapi.dll
0x00007ffb69ca0000 - 0x00007ffb69cb1000 	C:\WINDOWS\System32\kernel.appcore.dll
0x00007ffb6a210000 - 0x00007ffb6a227000 	C:\WINDOWS\System32\cryptsp.dll
0x00007ffb61b00000 - 0x00007ffb61b1a000 	C:\Program Files\JetBrains\IntelliJ IDEA 2018.3.5\bin\breakgen64.dll
0x00007ffb59550000 - 0x00007ffb5956a000 	C:\Program Files\Java\jdk1.8.0_201\jre\bin\net.dll
0x00007ffb5cb50000 - 0x00007ffb5cd26000 	C:\WINDOWS\SYSTEM32\urlmon.dll
0x00007ffb5c270000 - 0x00007ffb5c518000 	C:\WINDOWS\SYSTEM32\iertutil.dll
0x00007ffb69660000 - 0x00007ffb6966c000 	C:\WINDOWS\SYSTEM32\CRYPTBASE.DLL
0x00007ffb69490000 - 0x00007ffb694f7000 	C:\WINDOWS\system32\mswsock.dll
0x00007ffb69050000 - 0x00007ffb69083000 	C:\WINDOWS\system32\rsaenh.dll
0x00007ffb6ae10000 - 0x00007ffb6ae36000 	C:\WINDOWS\System32\bcrypt.dll
0x00007ffb69b40000 - 0x00007ffb69b68000 	C:\WINDOWS\SYSTEM32\USERENV.dll
0x00007ffb691f0000 - 0x00007ffb6922d000 	C:\WINDOWS\SYSTEM32\IPHLPAPI.DLL
0x00007ffb6af70000 - 0x00007ffb6af78000 	C:\WINDOWS\System32\NSI.dll
0x00007ffb621a0000 - 0x00007ffb621b6000 	C:\WINDOWS\SYSTEM32\dhcpcsvc6.DLL
0x00007ffb62180000 - 0x00007ffb6219c000 	C:\WINDOWS\SYSTEM32\dhcpcsvc.DLL
0x00007ffb69230000 - 0x00007ffb692f6000 	C:\WINDOWS\SYSTEM32\DNSAPI.dll
0x00007ffb59530000 - 0x00007ffb59541000 	C:\Program Files\Java\jdk1.8.0_201\jre\bin\nio.dll
0x000000006e740000 - 0x000000006fda5000 	C:\Users\Administrator\AppData\Local\Temp\xuggle\xuggle1034264723674045670.dll
0x00007ffb6d5d0000 - 0x00007ffb6d725000 	C:\WINDOWS\System32\ole32.dll
0x00007ffb5d060000 - 0x00007ffb5d078000 	C:\WINDOWS\SYSTEM32\AVICAP32.dll
0x00007ffb59500000 - 0x00007ffb59529000 	C:\WINDOWS\SYSTEM32\MSVFW32.dll
0x00007ffb5e200000 - 0x00007ffb5e3ed000 	C:\WINDOWS\SYSTEM32\dbghelp.dll

VM Arguments:
jvm_args: -javaagent:C:\Program Files\JetBrains\IntelliJ IDEA 2018.3.5\lib\idea_rt.jar=53441:C:\Program Files\JetBrains\IntelliJ IDEA 2018.3.5\bin -Dfile.encoding=UTF-8 
java_command: com.teamteem.util.VideoToAudio
java_class_path (initial): C:\Program Files\Java\jdk1.8.0_201\jre\lib\charsets.jar;C:\Program Files\Java\jdk1.8.0_201\jre\lib\deploy.jar;C:\Program Files\Java\jdk1.8.0_201\jre\lib\ext\access-bridge-64.jar;C:\Program Files\Java\jdk1.8.0_201\jre\lib\ext\cldrdata.jar;C:\Program Files\Java\jdk1.8.0_201\jre\lib\ext\dnsns.jar;C:\Program Files\Java\jdk1.8.0_201\jre\lib\ext\jaccess.jar;C:\Program Files\Java\jdk1.8.0_201\jre\lib\ext\jfxrt.jar;C:\Program Files\Java\jdk1.8.0_201\jre\lib\ext\localedata.jar;C:\Program Files\Java\jdk1.8.0_201\jre\lib\ext\nashorn.jar;C:\Program Files\Java\jdk1.8.0_201\jre\lib\ext\sunec.jar;C:\Program Files\Java\jdk1.8.0_201\jre\lib\ext\sunjce_provider.jar;C:\Program Files\Java\jdk1.8.0_201\jre\lib\ext\sunmscapi.jar;C:\Program Files\Java\jdk1.8.0_201\jre\lib\ext\sunpkcs11.jar;C:\Program Files\Java\jdk1.8.0_201\jre\lib\ext\zipfs.jar;C:\Program Files\Java\jdk1.8.0_201\jre\lib\javaws.jar;C:\Program Files\Java\jdk1.8.0_201\jre\lib\jce.jar;C:\Program Files\Java\jdk1.8.0_201\jre\lib\jfr.jar;C:\Program Files\Java\jdk1.8.0_201\jre\lib\jfxswt.jar;C:\Program Files\Java\jdk1.8.0_201\jre\lib\jsse.jar;C:\Program Files\Java\jdk1.8.0_201\jre\lib\management-agent.jar;C:\Program Files\Java\jdk1.8.0_201\jre\lib\plugin.jar;C:\Program Files\Java\jdk1.8.0_201\jre\lib\resources.jar;C:\Program Files\Java\jdk1.8.0_201\jre\lib\rt.jar;C:\Users\Administrator\Desktop\2019-team-07f\server\target\classes;C:\Users\Administrator\.m2\repository\org\slf4j\slf4j-api\1.7.5\slf4j-api-1.7.5.jar;C:\Users\Administrator\.m2\repository\ch\qos\logback\logback-classic\1.0.13\logback-classic-1.0.13.jar;C:\Users\Administrator\.m2\repository\ch\qos\logback\logback-core\1.0.13\logback-core-1.0.13.jar;C:\Users\Administrator\.m2\repository\org\springframework\spring-core\5.0.2.RELEASE\spring-core-5.0.2.RELEASE.jar;C:\Users\Administrator\.m2\repository\org\springframework\spring-jcl\5.0.2.RELEASE\spring-jcl-5.0.2.RELEASE.jar;C:\Users\Administrator\.m2\repository\org\springframework\spring-tx\5.0.
Launcher Type: SUN_STANDARD

Environment Variables:
JAVA_HOME=C:\Program Files\Java\jdk1.8.0_201
CLASSPATH=.;
PATH=C:\tools\ruby26\bin;C:\WINDOWS\system32;C:\WINDOWS;C:\WINDOWS\System32\Wbem;C:\WINDOWS\System32\WindowsPowerShell\v1.0\;C:\WINDOWS\System32\OpenSSH\;C:\ProgramData\chocolatey\bin;C:\Program Files\Git\cmd;C:\Program Files\Microsoft VS Code\bin;C:\HashiCorp\Vagrant\bin;C:\Program Files\PowerShell\6\;C:\Program Files\nodejs\;C:\Program Files\Java\jdk1.8.0_201\bin;C:\Program Files\apache-maven-3.6.0-bin\apache-maven-3.6.0\bin;C:\Users\Administrator\AppData\Local\Microsoft\WindowsApps;C:\Program Files\Oracle\VirtualBox;C:\Users\Administrator\AppData\Roaming\npm;C:\tools\mysql\current\bin;
USERNAME=Administrator
OS=Windows_NT
PROCESSOR_IDENTIFIER=Intel64 Family 6 Model 42 Stepping 7, GenuineIntel



---------------  S Y S T E M  ---------------

OS: Windows 10.0 , 64 bit Build 17763 (10.0.17763.379)

CPU:total 4 (initial active 4) (4 cores per cpu, 1 threads per core) family 6 model 42 stepping 7, cmov, cx8, fxsr, mmx, sse, sse2, sse3, ssse3, sse4.1, sse4.2, popcnt, avx, aes, clmul, tsc, tscinvbit

Memory: 4k page, physical 12468248k(5849268k free), swap 18759704k(9561748k free)

vm_info: Java HotSpot(TM) 64-Bit Server VM (25.201-b09) for windows-amd64 JRE (1.8.0_201-b09), built on Dec 15 2018 18:36:39 by "java_re" with MS VC++ 10.0 (VS2010)

time: Wed Mar 27 01:18:55 2019
timezone: Central Daylight Time
elapsed time: 2 seconds (0d 0h 0m 2s)

